<?xml version="1.0" encoding="UTF-8"?>
<testsuite name="practical1.NumberToolsTest" tests="2" skipped="0" failures="0" errors="0" timestamp="2022-09-25T12:10:42" hostname="Memphis.localnet" time="0.058">
  <properties/>
  <testcase name="testParse" classname="practical1.NumberToolsTest" time="0.017"/>
  <testcase name="testComputeStatistic" classname="practical1.NumberToolsTest" time="0.04"/>
  <system-out><![CDATA[]]></system-out>
  <system-err><![CDATA[]]></system-err>
</testsuite>
